Using pre-set license
Built from '2021.3/staging' branch; Version is '2021.3.19f1 (c9714fde33b6) revision 13201743'; Using compiler version '192829333'; Build Type 'Release'
OS: 'Windows 11  (10.0.22621) 64bit Core' Language: 'en' Physical Memory: 16243 MB
BatchMode: 1, IsHumanControllingUs: 0, StartBugReporterOnCrash: 0, Is64bit: 1, IsPro: 1

COMMAND LINE ARGUMENTS:
C:\Program Files\Unity\Hub\Editor\2021.3.19f1\Editor\Unity.exe
-adb2
-batchMode
-noUpm
-name
AssetImportWorker4
-projectPath
C:/Users/devun/Downloads/BayraktarAttack/BayraktarURP
-logFile
Logs/AssetImportWorker4.log
-srvPort
52144
Successfully changed project path to: C:/Users/devun/Downloads/BayraktarAttack/BayraktarURP
C:/Users/devun/Downloads/BayraktarAttack/BayraktarURP
[UnityMemory] Configuration Parameters - Can be set up in boot.config
    "memorysetup-bucket-allocator-granularity=16"
    "memorysetup-bucket-allocator-bucket-count=8"
    "memorysetup-bucket-allocator-block-size=33554432"
    "memorysetup-bucket-allocator-block-count=8"
    "memorysetup-main-allocator-block-size=16777216"
    "memorysetup-thread-allocator-block-size=16777216"
    "memorysetup-gfx-main-allocator-block-size=16777216"
    "memorysetup-gfx-thread-allocator-block-size=16777216"
    "memorysetup-cache-allocator-block-size=4194304"
    "memorysetup-typetree-allocator-block-size=2097152"
    "memorysetup-profiler-bucket-allocator-granularity=16"
    "memorysetup-profiler-bucket-allocator-bucket-count=8"
    "memorysetup-profiler-bucket-allocator-block-size=33554432"
    "memorysetup-profiler-bucket-allocator-block-count=8"
    "memorysetup-profiler-allocator-block-size=16777216"
    "memorysetup-profiler-editor-allocator-block-size=1048576"
    "memorysetup-temp-allocator-size-main=16777216"
    "memorysetup-job-temp-allocator-block-size=2097152"
    "memorysetup-job-temp-allocator-block-size-background=1048576"
    "memorysetup-job-temp-allocator-reduction-small-platforms=262144"
    "memorysetup-temp-allocator-size-background-worker=32768"
    "memorysetup-temp-allocator-size-job-worker=262144"
    "memorysetup-temp-allocator-size-preload-manager=33554432"
    "memorysetup-temp-allocator-size-nav-mesh-worker=65536"
    "memorysetup-temp-allocator-size-audio-worker=65536"
    "memorysetup-temp-allocator-size-cloud-worker=32768"
    "memorysetup-temp-allocator-size-gi-baking-worker=262144"
    "memorysetup-temp-allocator-size-gfx=262144"
Player connection [16280] Host "[IP] 192.168.0.151 [Port] 0 [Flags] 2 [Guid] 581623532 [EditorId] 581623532 [Version] 1048832 [Id] WindowsEditor(7,Squ1ki) [Debug] 1 [PackageName] WindowsEditor [ProjectName] Editor" joined multi-casting on [225.0.0.222:54997]...

Player connection [16280] Host "[IP] 192.168.0.151 [Port] 0 [Flags] 2 [Guid] 581623532 [EditorId] 581623532 [Version] 1048832 [Id] WindowsEditor(7,Squ1ki) [Debug] 1 [PackageName] WindowsEditor [ProjectName] Editor" joined alternative multi-casting on [225.0.0.222:34997]...

Refreshing native plugins compatible for Editor in 80.38 ms, found 5 plugins.
Preloading 0 native plugins for Editor in 0.00 ms.
Initialize engine version: 2021.3.19f1 (c9714fde33b6)
[Subsystems] Discovering subsystems at path C:/Program Files/Unity/Hub/Editor/2021.3.19f1/Editor/Data/Resources/UnitySubsystems
[Subsystems] Discovering subsystems at path C:/Users/devun/Downloads/BayraktarAttack/BayraktarURP/Assets
GfxDevice: creating device client; threaded=0; jobified=0
Direct3D:
    Version:  Direct3D 11.0 [level 11.1]
    Renderer: NVIDIA GeForce RTX 3060 (ID=0x2487)
    Vendor:   NVIDIA
    VRAM:     12124 MB
    Driver:   31.0.15.3141
Initialize mono
Mono path[0] = 'C:/Program Files/Unity/Hub/Editor/2021.3.19f1/Editor/Data/Managed'
Mono path[1] = 'C:/Program Files/Unity/Hub/Editor/2021.3.19f1/Editor/Data/MonoBleedingEdge/lib/mono/unityjit-win32'
Mono config path = 'C:/Program Files/Unity/Hub/Editor/2021.3.19f1/Editor/Data/MonoBleedingEdge/etc'
Using monoOptions --debugger-agent=transport=dt_socket,embedding=1,server=y,suspend=n,address=127.0.0.1:56528
Begin MonoManager ReloadAssembly
Registering precompiled unity dll's ...
Register platform support module: C:/Program Files/Unity/Hub/Editor/2021.3.19f1/Editor/Data/PlaybackEngines/WebGLSupport/UnityEditor.WebGL.Extensions.dll
Register platform support module: C:/Program Files/Unity/Hub/Editor/2021.3.19f1/Editor/Data/PlaybackEngines/AndroidPlayer/UnityEditor.Android.Extensions.dll
Register platform support module: C:/Program Files/Unity/Hub/Editor/2021.3.19f1/Editor/Data/PlaybackEngines/iOSSupport/UnityEditor.iOS.Extensions.dll
Register platform support module: C:/Program Files/Unity/Hub/Editor/2021.3.19f1/Editor/Data/PlaybackEngines/WindowsStandaloneSupport/UnityEditor.WindowsStandalone.Extensions.dll
Registered in 0.003287 seconds.
Native extension for WindowsStandalone target not found
[usbmuxd] Start listen thread
[usbmuxd] Listen thread started
Native extension for iOS target not found
Native extension for Android target not found
Android Extension - Scanning For ADB Devices 165 ms
Native extension for WebGL target not found
Refreshing native plugins compatible for Editor in 71.58 ms, found 5 plugins.
Preloading 0 native plugins for Editor in 0.00 ms.
Mono: successfully reloaded assembly
- Completed reload, in  0.610 seconds
Domain Reload Profiling:
	ReloadAssembly (610ms)
		BeginReloadAssembly (41ms)
			ExecutionOrderSort (0ms)
			DisableScriptedObjects (0ms)
			BackupInstance (0ms)
			ReleaseScriptingObjects (0ms)
			CreateAndSetChildDomain (1ms)
		EndReloadAssembly (502ms)
			LoadAssemblies (41ms)
			RebuildTransferFunctionScriptingTraits (0ms)
			SetupTypeCache (68ms)
			ReleaseScriptCaches (0ms)
			RebuildScriptCaches (16ms)
			SetupLoadedEditorAssemblies (385ms)
				LogAssemblyErrors (0ms)
				InitializePlatformSupportModulesInManaged (224ms)
				SetLoadedEditorAssemblies (0ms)
				RefreshPlugins (72ms)
				BeforeProcessingInitializeOnLoad (1ms)
				ProcessInitializeOnLoadAttributes (56ms)
				ProcessInitializeOnLoadMethodAttributes (33ms)
				AfterProcessingInitializeOnLoad (0ms)
				EditorAssembliesLoaded (0ms)
			ExecutionOrderSort2 (0ms)
			AwakeInstancesAfterBackupRestoration (0ms)
Platform modules already initialized, skipping
Registering precompiled user dll's ...
Registered in 0.003765 seconds.
Begin MonoManager ReloadAssembly
Symbol file LoadedFromMemory doesn't match image C:\Users\devun\Downloads\BayraktarAttack\BayraktarURP\Library\PackageCache\com.unity.visualscripting@1.8.0\Editor\VisualScripting.Core\Dependencies\YamlDotNet\Unity.VisualScripting.YamlDotNet.dll
Symbol file LoadedFromMemory doesn't match image C:\Users\devun\Downloads\BayraktarAttack\BayraktarURP\Library\PackageCache\com.unity.visualscripting@1.8.0\Editor\VisualScripting.Core\Dependencies\DotNetZip\Unity.VisualScripting.IonicZip.dll
Native extension for WindowsStandalone target not found
Native extension for iOS target not found
Native extension for Android target not found
Native extension for WebGL target not found
Refreshing native plugins compatible for Editor in 74.18 ms, found 5 plugins.
Preloading 0 native plugins for Editor in 0.00 ms.
Mono: successfully reloaded assembly
- Completed reload, in  0.868 seconds
Domain Reload Profiling:
	ReloadAssembly (869ms)
		BeginReloadAssembly (69ms)
			ExecutionOrderSort (0ms)
			DisableScriptedObjects (5ms)
			BackupInstance (0ms)
			ReleaseScriptingObjects (0ms)
			CreateAndSetChildDomain (14ms)
		EndReloadAssembly (727ms)
			LoadAssemblies (53ms)
			RebuildTransferFunctionScriptingTraits (0ms)
			SetupTypeCache (198ms)
			ReleaseScriptCaches (0ms)
			RebuildScriptCaches (41ms)
			SetupLoadedEditorAssemblies (391ms)
				LogAssemblyErrors (0ms)
				InitializePlatformSupportModulesInManaged (15ms)
				SetLoadedEditorAssemblies (0ms)
				RefreshPlugins (74ms)
				BeforeProcessingInitializeOnLoad (65ms)
				ProcessInitializeOnLoadAttributes (177ms)
				ProcessInitializeOnLoadMethodAttributes (57ms)
				AfterProcessingInitializeOnLoad (3ms)
				EditorAssembliesLoaded (0ms)
			ExecutionOrderSort2 (0ms)
			AwakeInstancesAfterBackupRestoration (4ms)
Platform modules already initialized, skipping
========================================================================
Worker process is ready to serve import requests
Launched and connected shader compiler UnityShaderCompiler.exe after 0.03 seconds
Refreshing native plugins compatible for Editor in 0.56 ms, found 5 plugins.
Preloading 0 native plugins for Editor in 0.00 ms.
Unloading 5001 Unused Serialized files (Serialized files now loaded: 0)
Unloading 49 unused Assets / (0.8 MB). Loaded Objects now: 5461.
Memory consumption went from 198.9 MB to 198.1 MB.
Total: 2.468100 ms (FindLiveObjects: 0.240600 ms CreateObjectMapping: 0.147200 ms MarkObjects: 1.866700 ms  DeleteObjects: 0.212800 ms)

AssetImportParameters requested are different than current active one (requested -> active):
  custom:video-decoder-ogg-theora: a1e56fd34408186e4bbccfd4996cb3dc -> 
  custom:container-muxer-webm: aa71ff27fc2769a1b78a27578f13a17b -> 
  custom:container-demuxer-webm: 4f35f7cbe854078d1ac9338744f61a02 -> 
  custom:video-encoder-webm-vp8: eb34c28f22e8b96e1ab97ce403110664 -> 
  custom:video-codec-MediaFoundation-h265: 746d11721c4dcdbdad8f713fa42b33f4 -> 
  custom:audio-encoder-webm-vorbis: bf7c407c2cedff20999df2af8eb42d56 -> 
  custom:framework-win-MediaFoundation: 216162199b28c13a410421893ffa2e32 -> 
  custom:container-demuxer-ogg: 62fdf1f143b41e24485cea50d1cbac27 -> 
  custom:video-decoder-webm-vp8: 9c59270c3fd7afecdb556c50c9e8de78 -> 
  custom:audio-decoder-ogg-vorbis: bf7c407c2cedff20999df2af8eb42d56 -> 
========================================================================
Received Import Request.
  Time since last request: 1385.611179 seconds.
  path: Assets/JMO Assets/Cartoon FX Remaster/CFXR Prefabs/Fire/CFXR Fire Breath.prefab
  artifactKey: Guid(c4ed38c72957f2241ad144a1614956d9) Importer(815301076,1909f56bfc062723c751e8b465ee728b)
Start importing Assets/JMO Assets/Cartoon FX Remaster/CFXR Prefabs/Fire/CFXR Fire Breath.prefab using Guid(c4ed38c72957f2241ad144a1614956d9) Importer(815301076,1909f56bfc062723c751e8b465ee728b)  -> (artifact id: 'e8c3aefcb27e5fabc06f0c2fcab5b36d') in 0.118710 seconds 
========================================================================
Received Import Request.
  Time since last request: 0.000023 seconds.
  path: Assets/JMO Assets/Cartoon FX Remaster/CFXR Prefabs/Fire/CFXR Fire Ring.prefab
  artifactKey: Guid(768e051a05ce8a641a55162ac081181a) Importer(815301076,1909f56bfc062723c751e8b465ee728b)
Start importing Assets/JMO Assets/Cartoon FX Remaster/CFXR Prefabs/Fire/CFXR Fire Ring.prefab using Guid(768e051a05ce8a641a55162ac081181a) Importer(815301076,1909f56bfc062723c751e8b465ee728b)  -> (artifact id: '45942f658be4de1dd58b79830bde3111') in 0.115236 seconds 
========================================================================
Received Import Request.
  Time since last request: 1.896336 seconds.
  path: Assets/JMO Assets/Cartoon FX Remaster/CFXR Assets/Meshes/cfxr mesh star4.fbx
  artifactKey: Guid(a3e854b0e6a2a7d48ad61e15d33575de) Importer(815301076,1909f56bfc062723c751e8b465ee728b)
Start importing Assets/JMO Assets/Cartoon FX Remaster/CFXR Assets/Meshes/cfxr mesh star4.fbx using Guid(a3e854b0e6a2a7d48ad61e15d33575de) Importer(815301076,1909f56bfc062723c751e8b465ee728b)  -> (artifact id: 'c5f46a4f2695496974fb513af50089f0') in 0.025305 seconds 
========================================================================
Received Import Request.
  Time since last request: 1.040553 seconds.
  path: Assets/JMO Assets/Cartoon FX Remaster/CFXR Assets/Meshes/cfxr mesh ring.fbx
  artifactKey: Guid(fd9225d663ccb334dbfa1e5255190553) Importer(815301076,1909f56bfc062723c751e8b465ee728b)
Start importing Assets/JMO Assets/Cartoon FX Remaster/CFXR Assets/Meshes/cfxr mesh ring.fbx using Guid(fd9225d663ccb334dbfa1e5255190553) Importer(815301076,1909f56bfc062723c751e8b465ee728b)  -> (artifact id: '7fe94fdce208b3b44fa2478320d6b9f2') in 0.009255 seconds 
========================================================================
Received Import Request.
  Time since last request: 1.645644 seconds.
  path: Assets/JMO Assets/Cartoon FX Remaster/CFXR Prefabs/Impacts
  artifactKey: Guid(5e6e7335e96924042b46afab21a2df71) Importer(815301076,1909f56bfc062723c751e8b465ee728b)
Start importing Assets/JMO Assets/Cartoon FX Remaster/CFXR Prefabs/Impacts using Guid(5e6e7335e96924042b46afab21a2df71) Importer(815301076,1909f56bfc062723c751e8b465ee728b)  -> (artifact id: '3696c18233aa74174d4e032b5942a8b7') in 0.005372 seconds 
========================================================================
Received Import Request.
  Time since last request: 0.079385 seconds.
  path: Assets/JMO Assets/Cartoon FX Remaster/CFXR Prefabs/Impacts/CFXR Big Impact HDR.prefab
  artifactKey: Guid(7a1f5c2344e7b8046b22ca0e8ffce4c1) Importer(815301076,1909f56bfc062723c751e8b465ee728b)
Start importing Assets/JMO Assets/Cartoon FX Remaster/CFXR Prefabs/Impacts/CFXR Big Impact HDR.prefab using Guid(7a1f5c2344e7b8046b22ca0e8ffce4c1) Importer(815301076,1909f56bfc062723c751e8b465ee728b)  -> (artifact id: '371cce1321a58a453bbfc9f0fd45c499') in 0.020233 seconds 
========================================================================
Received Import Request.
  Time since last request: 0.000017 seconds.
  path: Assets/JMO Assets/Cartoon FX Remaster/CFXR Prefabs/Impacts/CFXR Sparks Impact.prefab
  artifactKey: Guid(6dc4191059d6c3a4a820270672bbf567) Importer(815301076,1909f56bfc062723c751e8b465ee728b)
Start importing Assets/JMO Assets/Cartoon FX Remaster/CFXR Prefabs/Impacts/CFXR Sparks Impact.prefab using Guid(6dc4191059d6c3a4a820270672bbf567) Importer(815301076,1909f56bfc062723c751e8b465ee728b)  -> (artifact id: '5e0c4165fa4c40839b8a3932290fcca4') in 0.012573 seconds 
========================================================================
Received Import Request.
  Time since last request: 0.000015 seconds.
  path: Assets/JMO Assets/Cartoon FX Remaster/CFXR Prefabs/Impacts/CFXR Impact Contrast.prefab
  artifactKey: Guid(d1eb5368e6bef184681cd4db6cf466fe) Importer(815301076,1909f56bfc062723c751e8b465ee728b)
Start importing Assets/JMO Assets/Cartoon FX Remaster/CFXR Prefabs/Impacts/CFXR Impact Contrast.prefab using Guid(d1eb5368e6bef184681cd4db6cf466fe) Importer(815301076,1909f56bfc062723c751e8b465ee728b)  -> (artifact id: 'b1c1960df389e4033baca07eb90e2e91') in 0.037600 seconds 
========================================================================
Received Import Request.
  Time since last request: 0.000022 seconds.
  path: Assets/JMO Assets/Cartoon FX Remaster/CFXR Prefabs/Impacts/CFXR Slash (Blue).prefab
  artifactKey: Guid(18d69cc11ae74294aac3f0c1b92d192d) Importer(815301076,1909f56bfc062723c751e8b465ee728b)
Start importing Assets/JMO Assets/Cartoon FX Remaster/CFXR Prefabs/Impacts/CFXR Slash (Blue).prefab using Guid(18d69cc11ae74294aac3f0c1b92d192d) Importer(815301076,1909f56bfc062723c751e8b465ee728b)  -> (artifact id: '54726f8413f277ecdc45a86a65af09da') in 0.067008 seconds 
========================================================================
Received Import Request.
  Time since last request: 1.289495 seconds.
  path: Assets/JMO Assets/Cartoon FX Remaster/CFXR Assets/Graphics/cfxr stretch triangle add.mat
  artifactKey: Guid(ef871ae36c32a564cbe3c39713e711f5) Importer(815301076,1909f56bfc062723c751e8b465ee728b)
Start importing Assets/JMO Assets/Cartoon FX Remaster/CFXR Assets/Graphics/cfxr stretch triangle add.mat using Guid(ef871ae36c32a564cbe3c39713e711f5) Importer(815301076,1909f56bfc062723c751e8b465ee728b)  -> (artifact id: 'fdf3b79e5f1e6d4816e547c86b930437') in 0.021602 seconds 
========================================================================
Received Import Request.
  Time since last request: 4.518178 seconds.
  path: Assets/JMO Assets/Cartoon FX Remaster/CFXR Prefabs/Liquids
  artifactKey: Guid(631b20851999de84187f9db69519b871) Importer(815301076,1909f56bfc062723c751e8b465ee728b)
Start importing Assets/JMO Assets/Cartoon FX Remaster/CFXR Prefabs/Liquids using Guid(631b20851999de84187f9db69519b871) Importer(815301076,1909f56bfc062723c751e8b465ee728b)  -> (artifact id: '2afcaf90f05c3ba28111b6870bcabfd7') in 0.005483 seconds 
========================================================================
Received Import Request.
  Time since last request: 0.069243 seconds.
  path: Assets/JMO Assets/Cartoon FX Remaster/CFXR Prefabs/Liquids/CFXR Lava Drops Splash.prefab
  artifactKey: Guid(cb0cf98547744714b801177da509baa9) Importer(815301076,1909f56bfc062723c751e8b465ee728b)
Start importing Assets/JMO Assets/Cartoon FX Remaster/CFXR Prefabs/Liquids/CFXR Lava Drops Splash.prefab using Guid(cb0cf98547744714b801177da509baa9) Importer(815301076,1909f56bfc062723c751e8b465ee728b)  -> (artifact id: 'd70ad403563f6336f9fb7aa174671527') in 0.186537 seconds 
========================================================================
Received Import Request.
  Time since last request: 0.000021 seconds.
  path: Assets/JMO Assets/Cartoon FX Remaster/CFXR Prefabs/Liquids/CFXR Water Splash (Small).prefab
  artifactKey: Guid(8a9ce8c588b0e2c4fa567c940b82044a) Importer(815301076,1909f56bfc062723c751e8b465ee728b)
Start importing Assets/JMO Assets/Cartoon FX Remaster/CFXR Prefabs/Liquids/CFXR Water Splash (Small).prefab using Guid(8a9ce8c588b0e2c4fa567c940b82044a) Importer(815301076,1909f56bfc062723c751e8b465ee728b)  -> (artifact id: '0937f50e196e420ab81de7101aa71a91') in 0.045311 seconds 
========================================================================
Received Import Request.
  Time since last request: 0.000030 seconds.
  path: Assets/JMO Assets/Cartoon FX Remaster/CFXR Prefabs/Liquids/CFXR Water Ripples.prefab
  artifactKey: Guid(5a8d99fb95262ea458a7b580f2a1611c) Importer(815301076,1909f56bfc062723c751e8b465ee728b)
Start importing Assets/JMO Assets/Cartoon FX Remaster/CFXR Prefabs/Liquids/CFXR Water Ripples.prefab using Guid(5a8d99fb95262ea458a7b580f2a1611c) Importer(815301076,1909f56bfc062723c751e8b465ee728b)  -> (artifact id: '7b6b1ef846c532d1c6dcf4f7e7d79eeb') in 0.012132 seconds 
========================================================================
Received Import Request.
  Time since last request: 3.476672 seconds.
  path: Assets/JMO Assets/Cartoon FX Remaster/CFXR Prefabs/Misc
  artifactKey: Guid(d38ad60e62a2f954e9ca6d5b3203cc21) Importer(815301076,1909f56bfc062723c751e8b465ee728b)
Start importing Assets/JMO Assets/Cartoon FX Remaster/CFXR Prefabs/Misc using Guid(d38ad60e62a2f954e9ca6d5b3203cc21) Importer(815301076,1909f56bfc062723c751e8b465ee728b)  -> (artifact id: 'f07c6183ee20f24d0f56568aeceaf56b') in 0.006412 seconds 
========================================================================
Received Import Request.
  Time since last request: 0.041941 seconds.
  path: Assets/JMO Assets/Cartoon FX Remaster/CFXR Prefabs/Misc/CFXR Flash.prefab
  artifactKey: Guid(59a35ab9f68edff40b6e5332bed330f5) Importer(815301076,1909f56bfc062723c751e8b465ee728b)
Start importing Assets/JMO Assets/Cartoon FX Remaster/CFXR Prefabs/Misc/CFXR Flash.prefab using Guid(59a35ab9f68edff40b6e5332bed330f5) Importer(815301076,1909f56bfc062723c751e8b465ee728b)  -> (artifact id: 'c091a0b3372f823c28d9253c7cb16821') in 0.019956 seconds 
========================================================================
Received Import Request.
  Time since last request: 0.000019 seconds.
  path: Assets/JMO Assets/Cartoon FX Remaster/CFXR Prefabs/Misc/CFXR Portal.prefab
  artifactKey: Guid(142b394e21edf1c42947ec16dc7a523c) Importer(815301076,1909f56bfc062723c751e8b465ee728b)
Start importing Assets/JMO Assets/Cartoon FX Remaster/CFXR Prefabs/Misc/CFXR Portal.prefab using Guid(142b394e21edf1c42947ec16dc7a523c) Importer(815301076,1909f56bfc062723c751e8b465ee728b)  -> (artifact id: '34c8558385061804590a619102e03da4') in 0.034479 seconds 
========================================================================
Received Import Request.
  Time since last request: 0.000015 seconds.
  path: Assets/JMO Assets/Cartoon FX Remaster/CFXR Prefabs/Misc/CFXR Smoke Poof.prefab
  artifactKey: Guid(b2f0b8902a31c8a46a1c4bb24ed9ea36) Importer(815301076,1909f56bfc062723c751e8b465ee728b)
Start importing Assets/JMO Assets/Cartoon FX Remaster/CFXR Prefabs/Misc/CFXR Smoke Poof.prefab using Guid(b2f0b8902a31c8a46a1c4bb24ed9ea36) Importer(815301076,1909f56bfc062723c751e8b465ee728b)  -> (artifact id: 'bacb18a96f2b126b291799fb198d21aa') in 0.011959 seconds 
========================================================================
Received Import Request.
  Time since last request: 0.000014 seconds.
  path: Assets/JMO Assets/Cartoon FX Remaster/CFXR Prefabs/Misc/CFXR Smoke Source Spiral.prefab
  artifactKey: Guid(67965e7702c053d4384c60ca98873fe7) Importer(815301076,1909f56bfc062723c751e8b465ee728b)
Start importing Assets/JMO Assets/Cartoon FX Remaster/CFXR Prefabs/Misc/CFXR Smoke Source Spiral.prefab using Guid(67965e7702c053d4384c60ca98873fe7) Importer(815301076,1909f56bfc062723c751e8b465ee728b)  -> (artifact id: '125d16bcc4db076ddd784a32473596a1') in 0.023918 seconds 
========================================================================
Received Import Request.
  Time since last request: 0.000023 seconds.
  path: Assets/JMO Assets/Cartoon FX Remaster/CFXR Prefabs/Misc/CFXR Smoke Poof Circle Screen.prefab
  artifactKey: Guid(74ccf31d718fbea49a5c201d4b7c5af2) Importer(815301076,1909f56bfc062723c751e8b465ee728b)
Start importing Assets/JMO Assets/Cartoon FX Remaster/CFXR Prefabs/Misc/CFXR Smoke Poof Circle Screen.prefab using Guid(74ccf31d718fbea49a5c201d4b7c5af2) Importer(815301076,1909f56bfc062723c751e8b465ee728b)  -> (artifact id: '8b61de321109c334e47c556b2e05d122') in 0.011820 seconds 
========================================================================
Received Import Request.
  Time since last request: 2.206331 seconds.
  path: Assets/JMO Assets/Cartoon FX Remaster/CFXR Assets/Graphics/cfxr smoke cloud x4 ab.mat
  artifactKey: Guid(7840d900dc0a4ed4dbcd26e23f064dd8) Importer(815301076,1909f56bfc062723c751e8b465ee728b)
Start importing Assets/JMO Assets/Cartoon FX Remaster/CFXR Assets/Graphics/cfxr smoke cloud x4 ab.mat using Guid(7840d900dc0a4ed4dbcd26e23f064dd8) Importer(815301076,1909f56bfc062723c751e8b465ee728b)  -> (artifact id: 'd1cf5cf84c35f3de7910135b05944bce') in 0.013533 seconds 
========================================================================
Received Import Request.
  Time since last request: 1.591634 seconds.
  path: Assets/JMO Assets/Cartoon FX Remaster/CFXR Assets/Graphics/cfxr proc glow soft invert hdr ab.mat
  artifactKey: Guid(fb6da5b571861ca488a6dc05de02c74e) Importer(815301076,1909f56bfc062723c751e8b465ee728b)
Start importing Assets/JMO Assets/Cartoon FX Remaster/CFXR Assets/Graphics/cfxr proc glow soft invert hdr ab.mat using Guid(fb6da5b571861ca488a6dc05de02c74e) Importer(815301076,1909f56bfc062723c751e8b465ee728b)  -> (artifact id: '7a5a752874483ef5946c3c73ee145b5c') in 0.007822 seconds 
========================================================================
Received Import Request.
  Time since last request: 5.857510 seconds.
  path: Assets/JMO Assets/Cartoon FX Remaster/CFXR Assets/Editor
  artifactKey: Guid(1a426d2ed10d55c47b7aee95ace55b60) Importer(815301076,1909f56bfc062723c751e8b465ee728b)
Start importing Assets/JMO Assets/Cartoon FX Remaster/CFXR Assets/Editor using Guid(1a426d2ed10d55c47b7aee95ace55b60) Importer(815301076,1909f56bfc062723c751e8b465ee728b)  -> (artifact id: 'f017ca09f8620354505954ebf1221d9a') in 0.005033 seconds 
========================================================================
Received Import Request.
  Time since last request: 0.079520 seconds.
  path: Assets/JMO Assets/Cartoon FX Remaster/CFXR Assets/Editor/CFXR Editor.asmdef
  artifactKey: Guid(eb5cb7c323a395242a81960087292f3c) Importer(815301076,1909f56bfc062723c751e8b465ee728b)
Start importing Assets/JMO Assets/Cartoon FX Remaster/CFXR Assets/Editor/CFXR Editor.asmdef using Guid(eb5cb7c323a395242a81960087292f3c) Importer(815301076,1909f56bfc062723c751e8b465ee728b)  -> (artifact id: 'd709b2550f6cffdbd597790616150764') in 0.005941 seconds 
========================================================================
Received Import Request.
  Time since last request: 1.814325 seconds.
  path: Assets/JMO Assets/Cartoon FX Remaster/CFXR Assets/Graphics
  artifactKey: Guid(ae70c5d833aa6d74e9429910c18b70c6) Importer(815301076,1909f56bfc062723c751e8b465ee728b)
Start importing Assets/JMO Assets/Cartoon FX Remaster/CFXR Assets/Graphics using Guid(ae70c5d833aa6d74e9429910c18b70c6) Importer(815301076,1909f56bfc062723c751e8b465ee728b)  -> (artifact id: '9af708553970806364b39aad4f508d20') in 0.005208 seconds 
========================================================================
Received Import Request.
  Time since last request: 0.087574 seconds.
  path: Assets/JMO Assets/Cartoon FX Remaster/CFXR Assets/Graphics/cfxr electric arc anim x4.mat
  artifactKey: Guid(21ce22ee4a68b854f8df2b3f4de750e1) Importer(815301076,1909f56bfc062723c751e8b465ee728b)
Start importing Assets/JMO Assets/Cartoon FX Remaster/CFXR Assets/Graphics/cfxr electric arc anim x4.mat using Guid(21ce22ee4a68b854f8df2b3f4de750e1) Importer(815301076,1909f56bfc062723c751e8b465ee728b)  -> (artifact id: '4e3ab953afaee144ebc2a6e2f4028203') in 0.037504 seconds 
========================================================================
Received Import Request.
  Time since last request: 0.000025 seconds.
  path: Assets/JMO Assets/Cartoon FX Remaster/CFXR Assets/Graphics/cfxr flamme candle hdr ab.mat
  artifactKey: Guid(94ef692e9d05cb748aa09d827d566c78) Importer(815301076,1909f56bfc062723c751e8b465ee728b)
Start importing Assets/JMO Assets/Cartoon FX Remaster/CFXR Assets/Graphics/cfxr flamme candle hdr ab.mat using Guid(94ef692e9d05cb748aa09d827d566c78) Importer(815301076,1909f56bfc062723c751e8b465ee728b)  -> (artifact id: '516dc870cef34e576908b684f92ba555') in 0.095664 seconds 
========================================================================
Received Import Request.
  Time since last request: 0.000028 seconds.
  path: Assets/JMO Assets/Cartoon FX Remaster/CFXR Assets/Graphics/cfxr proc glow soft nosp add.mat
  artifactKey: Guid(f0f171ffe44ba0d41bb931bbefcee094) Importer(815301076,1909f56bfc062723c751e8b465ee728b)
Start importing Assets/JMO Assets/Cartoon FX Remaster/CFXR Assets/Graphics/cfxr proc glow soft nosp add.mat using Guid(f0f171ffe44ba0d41bb931bbefcee094) Importer(815301076,1909f56bfc062723c751e8b465ee728b)  -> (artifact id: '60d4c57d7a7427f9483edf5bba7f2c82') in 0.011081 seconds 
========================================================================
Received Import Request.
  Time since last request: 0.000034 seconds.
  path: Assets/JMO Assets/Cartoon FX Remaster/CFXR Assets/Graphics/cfxr proc ring add.mat
  artifactKey: Guid(f99a4d6e0727b6c47b5a03d567bbcf75) Importer(815301076,1909f56bfc062723c751e8b465ee728b)
Start importing Assets/JMO Assets/Cartoon FX Remaster/CFXR Assets/Graphics/cfxr proc ring add.mat using Guid(f99a4d6e0727b6c47b5a03d567bbcf75) Importer(815301076,1909f56bfc062723c751e8b465ee728b)  -> (artifact id: '434d2543f5e3c64d71b0096407018a89') in 0.010617 seconds 
========================================================================
Received Import Request.
  Time since last request: 0.000020 seconds.
  path: Assets/JMO Assets/Cartoon FX Remaster/CFXR Assets/Graphics/cfxr electric arcs x4 hdr ab.mat
  artifactKey: Guid(113eb05ea9ee52b42932e7dc68b693cf) Importer(815301076,1909f56bfc062723c751e8b465ee728b)
Start importing Assets/JMO Assets/Cartoon FX Remaster/CFXR Assets/Graphics/cfxr electric arcs x4 hdr ab.mat using Guid(113eb05ea9ee52b42932e7dc68b693cf) Importer(815301076,1909f56bfc062723c751e8b465ee728b)  -> (artifact id: '113618645812812e729040b865c44e51') in 0.010884 seconds 
========================================================================
Received Import Request.
  Time since last request: 0.000022 seconds.
  path: Assets/JMO Assets/Cartoon FX Remaster/CFXR Assets/Graphics/cfxr flamme plain mid hdr ab.mat
  artifactKey: Guid(79806570957f1ae44a69055e0fad62f0) Importer(815301076,1909f56bfc062723c751e8b465ee728b)
Start importing Assets/JMO Assets/Cartoon FX Remaster/CFXR Assets/Graphics/cfxr flamme plain mid hdr ab.mat using Guid(79806570957f1ae44a69055e0fad62f0) Importer(815301076,1909f56bfc062723c751e8b465ee728b)  -> (artifact id: 'da4d27b14800ba593a637f34256a9701') in 0.009733 seconds 
========================================================================
Received Import Request.
  Time since last request: 0.000022 seconds.
  path: Assets/JMO Assets/Cartoon FX Remaster/CFXR Assets/Graphics/cfxr fire blur fade hdr ab.mat
  artifactKey: Guid(8b86a91b570220b49a878c53343f2c79) Importer(815301076,1909f56bfc062723c751e8b465ee728b)
Start importing Assets/JMO Assets/Cartoon FX Remaster/CFXR Assets/Graphics/cfxr fire blur fade hdr ab.mat using Guid(8b86a91b570220b49a878c53343f2c79) Importer(815301076,1909f56bfc062723c751e8b465ee728b)  -> (artifact id: '43f1fdf4d77b5cb31dd4982a604f8663') in 0.038486 seconds 
========================================================================
Received Import Request.
  Time since last request: 0.000022 seconds.
  path: Assets/JMO Assets/Cartoon FX Remaster/CFXR Assets/Graphics/cfxr flamme crisp unstable fine hdr ab.mat
  artifactKey: Guid(e046315f6ccc43746abef96249d6e977) Importer(815301076,1909f56bfc062723c751e8b465ee728b)
Start importing Assets/JMO Assets/Cartoon FX Remaster/CFXR Assets/Graphics/cfxr flamme crisp unstable fine hdr ab.mat using Guid(e046315f6ccc43746abef96249d6e977) Importer(815301076,1909f56bfc062723c751e8b465ee728b)  -> (artifact id: 'd3e0d07e2c8f5f1a8c7ca8d950ad62ef') in 0.009991 seconds 
========================================================================
Received Import Request.
  Time since last request: 0.000018 seconds.
  path: Assets/JMO Assets/Cartoon FX Remaster/CFXR Assets/Graphics/cfxr flamme blur stable hdr ab.mat
  artifactKey: Guid(813a3e7e863a760429b02e9070a41e2c) Importer(815301076,1909f56bfc062723c751e8b465ee728b)
Start importing Assets/JMO Assets/Cartoon FX Remaster/CFXR Assets/Graphics/cfxr flamme blur stable hdr ab.mat using Guid(813a3e7e863a760429b02e9070a41e2c) Importer(815301076,1909f56bfc062723c751e8b465ee728b)  -> (artifact id: 'de0076c7fe74ab6c92dfc0e7a92262ca') in 0.009967 seconds 
========================================================================
Received Import Request.
  Time since last request: 0.000017 seconds.
  path: Assets/JMO Assets/Cartoon FX Remaster/CFXR Assets/Graphics/cfxr fire circle blur hdr ab.mat
  artifactKey: Guid(92f497a3f1c7b5d49ad1b2854dd5d2bd) Importer(815301076,1909f56bfc062723c751e8b465ee728b)
Start importing Assets/JMO Assets/Cartoon FX Remaster/CFXR Assets/Graphics/cfxr fire circle blur hdr ab.mat using Guid(92f497a3f1c7b5d49ad1b2854dd5d2bd) Importer(815301076,1909f56bfc062723c751e8b465ee728b)  -> (artifact id: 'bf668ce2e6b9ecd31960414dca87b4e4') in 0.009733 seconds 
========================================================================
Received Import Request.
  Time since last request: 0.000022 seconds.
  path: Assets/JMO Assets/Cartoon FX Remaster/CFXR Assets/Graphics/cfxr fire circle plain.png
  artifactKey: Guid(0855038b7bf8ecc4eb77dc56090675cd) Importer(815301076,1909f56bfc062723c751e8b465ee728b)
Start importing Assets/JMO Assets/Cartoon FX Remaster/CFXR Assets/Graphics/cfxr fire circle plain.png using Guid(0855038b7bf8ecc4eb77dc56090675cd) Importer(815301076,1909f56bfc062723c751e8b465ee728b)  -> (artifact id: '69da49c7a77bb6e072bda57faec3bf6f') in 0.017982 seconds 
========================================================================
Received Import Request.
  Time since last request: 0.000021 seconds.
  path: Assets/JMO Assets/Cartoon FX Remaster/CFXR Assets/Graphics/cfxr proc ring ab.mat
  artifactKey: Guid(4df8a5993f951b04581df7cc5fbb1254) Importer(815301076,1909f56bfc062723c751e8b465ee728b)
Start importing Assets/JMO Assets/Cartoon FX Remaster/CFXR Assets/Graphics/cfxr proc ring ab.mat using Guid(4df8a5993f951b04581df7cc5fbb1254) Importer(815301076,1909f56bfc062723c751e8b465ee728b)  -> (artifact id: '408fc7c135b93c826370e4b66855b241') in 0.010321 seconds 
========================================================================
Received Import Request.
  Time since last request: 0.000018 seconds.
  path: Assets/JMO Assets/Cartoon FX Remaster/CFXR Assets/Graphics/cfxr flamme blur.png
  artifactKey: Guid(f5ec3d9d039e8204d8b72ffc3ba810a6) Importer(815301076,1909f56bfc062723c751e8b465ee728b)
Start importing Assets/JMO Assets/Cartoon FX Remaster/CFXR Assets/Graphics/cfxr flamme blur.png using Guid(f5ec3d9d039e8204d8b72ffc3ba810a6) Importer(815301076,1909f56bfc062723c751e8b465ee728b)  -> (artifact id: '087cecc3509bca89143982aebb4a7dca') in 0.010058 seconds 
========================================================================
Received Import Request.
  Time since last request: 0.000018 seconds.
  path: Assets/JMO Assets/Cartoon FX Remaster/CFXR Assets/Graphics/cfxr explosion smoke alpha.png
  artifactKey: Guid(914231f4fc2a7194b9323d6e2cf86df0) Importer(815301076,1909f56bfc062723c751e8b465ee728b)
Start importing Assets/JMO Assets/Cartoon FX Remaster/CFXR Assets/Graphics/cfxr explosion smoke alpha.png using Guid(914231f4fc2a7194b9323d6e2cf86df0) Importer(815301076,1909f56bfc062723c751e8b465ee728b)  -> (artifact id: '3d5741e5425d445a23161023c9b00656') in 0.009866 seconds 
========================================================================
Received Import Request.
  Time since last request: 0.000024 seconds.
  path: Assets/JMO Assets/Cartoon FX Remaster/CFXR Assets/Graphics/cfxr flamme plain stable hdr ab.mat
  artifactKey: Guid(3971f198822757548a4891ef95ae7a80) Importer(815301076,1909f56bfc062723c751e8b465ee728b)
Start importing Assets/JMO Assets/Cartoon FX Remaster/CFXR Assets/Graphics/cfxr flamme plain stable hdr ab.mat using Guid(3971f198822757548a4891ef95ae7a80) Importer(815301076,1909f56bfc062723c751e8b465ee728b)  -> (artifact id: 'd496c0a6903ef64fa857cb378c485502') in 0.010496 seconds 
========================================================================
Received Import Request.
  Time since last request: 0.000026 seconds.
  path: Assets/JMO Assets/Cartoon FX Remaster/CFXR Assets/Graphics/cfxr flamme crisp stable hdr ab.mat
  artifactKey: Guid(f62768e2cc4a1ca479d7e62fb0dade76) Importer(815301076,1909f56bfc062723c751e8b465ee728b)
Start importing Assets/JMO Assets/Cartoon FX Remaster/CFXR Assets/Graphics/cfxr flamme crisp stable hdr ab.mat using Guid(f62768e2cc4a1ca479d7e62fb0dade76) Importer(815301076,1909f56bfc062723c751e8b465ee728b)  -> (artifact id: '7b9a316c8a5985b5e08a0fb17f0baf19') in 0.010644 seconds 
========================================================================
Received Import Request.
  Time since last request: 0.000019 seconds.
  path: Assets/JMO Assets/Cartoon FX Remaster/CFXR Assets/Graphics/cfxr fire circle blur.png
  artifactKey: Guid(5e0f8dcfc1b16c849ac880e3cd107176) Importer(815301076,1909f56bfc062723c751e8b465ee728b)
Start importing Assets/JMO Assets/Cartoon FX Remaster/CFXR Assets/Graphics/cfxr fire circle blur.png using Guid(5e0f8dcfc1b16c849ac880e3cd107176) Importer(815301076,1909f56bfc062723c751e8b465ee728b)  -> (artifact id: '0125fd9f37edaead31a7ce718e3d5513') in 0.009989 seconds 
========================================================================
Received Import Request.
  Time since last request: 0.000019 seconds.
  path: Assets/JMO Assets/Cartoon FX Remaster/CFXR Assets/Graphics/cfxr flamme crisp mid fine hdr ab.mat
  artifactKey: Guid(d8a21f1c09eaf4d40a9e977784629cfa) Importer(815301076,1909f56bfc062723c751e8b465ee728b)
Start importing Assets/JMO Assets/Cartoon FX Remaster/CFXR Assets/Graphics/cfxr flamme crisp mid fine hdr ab.mat using Guid(d8a21f1c09eaf4d40a9e977784629cfa) Importer(815301076,1909f56bfc062723c751e8b465ee728b)  -> (artifact id: '507228109fe01debffb2be71a8118cbc') in 0.010470 seconds 
========================================================================
Received Import Request.
  Time since last request: 2.451000 seconds.
  path: Assets/JMO Assets/Cartoon FX Remaster/CFXR Assets/Misc
  artifactKey: Guid(511d08169e7685b469a01a86e4e1646b) Importer(815301076,1909f56bfc062723c751e8b465ee728b)
Start importing Assets/JMO Assets/Cartoon FX Remaster/CFXR Assets/Misc using Guid(511d08169e7685b469a01a86e4e1646b) Importer(815301076,1909f56bfc062723c751e8b465ee728b)  -> (artifact id: 'be6453542955d7dcf0e9a74d4fe6d1b8') in 0.002220 seconds 
========================================================================
Received Import Request.
  Time since last request: 0.087764 seconds.
  path: Assets/JMO Assets/Cartoon FX Remaster/CFXR Assets/Misc/cfxr font AmazGoDaBold.png
  artifactKey: Guid(7ab74e659e1f0a34d9cfec21c478fc12) Importer(815301076,1909f56bfc062723c751e8b465ee728b)
Start importing Assets/JMO Assets/Cartoon FX Remaster/CFXR Assets/Misc/cfxr font AmazGoDaBold.png using Guid(7ab74e659e1f0a34d9cfec21c478fc12) Importer(815301076,1909f56bfc062723c751e8b465ee728b)  -> (artifact id: '3aec0654fde4d4f0bf7a143d322a834d') in 0.119340 seconds 
========================================================================
Received Import Request.
  Time since last request: 34.114351 seconds.
  path: Assets/_Prefabs/EnemyTank.prefab
  artifactKey: Guid(681a0e9bbba0dfd4193032e776a2d8da) Importer(815301076,1909f56bfc062723c751e8b465ee728b)
Start importing Assets/_Prefabs/EnemyTank.prefab using Guid(681a0e9bbba0dfd4193032e776a2d8da) Importer(815301076,1909f56bfc062723c751e8b465ee728b)  -> (artifact id: '4a33a7617a6f83b64797a8cb8e35eaf4') in 0.019352 seconds 
========================================================================
Received Prepare
Registering precompiled user dll's ...
Registered in 0.003697 seconds.
Begin MonoManager ReloadAssembly
Symbol file LoadedFromMemory doesn't match image C:\Users\devun\Downloads\BayraktarAttack\BayraktarURP\Library\PackageCache\com.unity.visualscripting@1.8.0\Editor\VisualScripting.Core\Dependencies\YamlDotNet\Unity.VisualScripting.YamlDotNet.dll
Symbol file LoadedFromMemory doesn't match image C:\Users\devun\Downloads\BayraktarAttack\BayraktarURP\Library\PackageCache\com.unity.visualscripting@1.8.0\Editor\VisualScripting.Core\Dependencies\DotNetZip\Unity.VisualScripting.IonicZip.dll
Native extension for WindowsStandalone target not found
Native extension for iOS target not found
Native extension for Android target not found
Native extension for WebGL target not found
Refreshing native plugins compatible for Editor in 0.57 ms, found 5 plugins.
Preloading 0 native plugins for Editor in 0.00 ms.
Mono: successfully reloaded assembly
- Completed reload, in  0.828 seconds
Domain Reload Profiling:
	ReloadAssembly (829ms)
		BeginReloadAssembly (85ms)
			ExecutionOrderSort (0ms)
			DisableScriptedObjects (2ms)
			BackupInstance (0ms)
			ReleaseScriptingObjects (0ms)
			CreateAndSetChildDomain (26ms)
		EndReloadAssembly (676ms)
			LoadAssemblies (58ms)
			RebuildTransferFunctionScriptingTraits (0ms)
			SetupTypeCache (192ms)
			ReleaseScriptCaches (1ms)
			RebuildScriptCaches (36ms)
			SetupLoadedEditorAssemblies (341ms)
				LogAssemblyErrors (0ms)
				InitializePlatformSupportModulesInManaged (28ms)
				SetLoadedEditorAssemblies (0ms)
				RefreshPlugins (1ms)
				BeforeProcessingInitializeOnLoad (61ms)
				ProcessInitializeOnLoadAttributes (182ms)
				ProcessInitializeOnLoadMethodAttributes (66ms)
				AfterProcessingInitializeOnLoad (4ms)
				EditorAssembliesLoaded (0ms)
			ExecutionOrderSort2 (0ms)
			AwakeInstancesAfterBackupRestoration (5ms)
Platform modules already initialized, skipping
Refreshing native plugins compatible for Editor in 2.10 ms, found 5 plugins.
Preloading 0 native plugins for Editor in 0.00 ms.
Unloading 4915 Unused Serialized files (Serialized files now loaded: 0)
Unloading 30 unused Assets / (0.8 MB). Loaded Objects now: 5637.
Memory consumption went from 194.8 MB to 194.1 MB.
Total: 2.842500 ms (FindLiveObjects: 0.246600 ms CreateObjectMapping: 0.144800 ms MarkObjects: 2.116200 ms  DeleteObjects: 0.334100 ms)

AssetImportParameters requested are different than current active one (requested -> active):
  custom:video-decoder-ogg-theora: a1e56fd34408186e4bbccfd4996cb3dc -> 
  custom:container-muxer-webm: aa71ff27fc2769a1b78a27578f13a17b -> 
  custom:container-demuxer-webm: 4f35f7cbe854078d1ac9338744f61a02 -> 
  custom:video-encoder-webm-vp8: eb34c28f22e8b96e1ab97ce403110664 -> 
  custom:video-codec-MediaFoundation-h265: 746d11721c4dcdbdad8f713fa42b33f4 -> 
  custom:audio-encoder-webm-vorbis: bf7c407c2cedff20999df2af8eb42d56 -> 
  custom:framework-win-MediaFoundation: 216162199b28c13a410421893ffa2e32 -> 
  custom:container-demuxer-ogg: 62fdf1f143b41e24485cea50d1cbac27 -> 
  custom:video-decoder-webm-vp8: 9c59270c3fd7afecdb556c50c9e8de78 -> 
  custom:audio-decoder-ogg-vorbis: bf7c407c2cedff20999df2af8eb42d56 -> 
========================================================================
Received Prepare
Registering precompiled user dll's ...
Registered in 0.003475 seconds.
Begin MonoManager ReloadAssembly
Symbol file LoadedFromMemory doesn't match image C:\Users\devun\Downloads\BayraktarAttack\BayraktarURP\Library\PackageCache\com.unity.visualscripting@1.8.0\Editor\VisualScripting.Core\Dependencies\YamlDotNet\Unity.VisualScripting.YamlDotNet.dll
Symbol file LoadedFromMemory doesn't match image C:\Users\devun\Downloads\BayraktarAttack\BayraktarURP\Library\PackageCache\com.unity.visualscripting@1.8.0\Editor\VisualScripting.Core\Dependencies\DotNetZip\Unity.VisualScripting.IonicZip.dll
Native extension for WindowsStandalone target not found
Native extension for iOS target not found
Native extension for Android target not found
Native extension for WebGL target not found
Refreshing native plugins compatible for Editor in 0.56 ms, found 5 plugins.
Preloading 0 native plugins for Editor in 0.00 ms.
Mono: successfully reloaded assembly
- Completed reload, in  0.797 seconds
Domain Reload Profiling:
	ReloadAssembly (798ms)
		BeginReloadAssembly (94ms)
			ExecutionOrderSort (0ms)
			DisableScriptedObjects (3ms)
			BackupInstance (0ms)
			ReleaseScriptingObjects (0ms)
			CreateAndSetChildDomain (30ms)
		EndReloadAssembly (632ms)
			LoadAssemblies (60ms)
			RebuildTransferFunctionScriptingTraits (0ms)
			SetupTypeCache (185ms)
			ReleaseScriptCaches (1ms)
			RebuildScriptCaches (43ms)
			SetupLoadedEditorAssemblies (297ms)
				LogAssemblyErrors (0ms)
				InitializePlatformSupportModulesInManaged (24ms)
				SetLoadedEditorAssemblies (0ms)
				RefreshPlugins (1ms)
				BeforeProcessingInitializeOnLoad (53ms)
				ProcessInitializeOnLoadAttributes (161ms)
				ProcessInitializeOnLoadMethodAttributes (55ms)
				AfterProcessingInitializeOnLoad (3ms)
				EditorAssembliesLoaded (0ms)
			ExecutionOrderSort2 (0ms)
			AwakeInstancesAfterBackupRestoration (5ms)
Platform modules already initialized, skipping
Refreshing native plugins compatible for Editor in 1.96 ms, found 5 plugins.
Preloading 0 native plugins for Editor in 0.00 ms.
Unloading 4915 Unused Serialized files (Serialized files now loaded: 0)
Unloading 30 unused Assets / (0.8 MB). Loaded Objects now: 5652.
Memory consumption went from 194.8 MB to 194.1 MB.
Total: 2.641600 ms (FindLiveObjects: 0.258700 ms CreateObjectMapping: 0.182800 ms MarkObjects: 1.979100 ms  DeleteObjects: 0.219900 ms)

AssetImportParameters requested are different than current active one (requested -> active):
  custom:video-decoder-ogg-theora: a1e56fd34408186e4bbccfd4996cb3dc -> 
  custom:container-muxer-webm: aa71ff27fc2769a1b78a27578f13a17b -> 
  custom:container-demuxer-webm: 4f35f7cbe854078d1ac9338744f61a02 -> 
  custom:video-encoder-webm-vp8: eb34c28f22e8b96e1ab97ce403110664 -> 
  custom:video-codec-MediaFoundation-h265: 746d11721c4dcdbdad8f713fa42b33f4 -> 
  custom:audio-encoder-webm-vorbis: bf7c407c2cedff20999df2af8eb42d56 -> 
  custom:framework-win-MediaFoundation: 216162199b28c13a410421893ffa2e32 -> 
  custom:container-demuxer-ogg: 62fdf1f143b41e24485cea50d1cbac27 -> 
  custom:video-decoder-webm-vp8: 9c59270c3fd7afecdb556c50c9e8de78 -> 
  custom:audio-decoder-ogg-vorbis: bf7c407c2cedff20999df2af8eb42d56 -> 
========================================================================
Received Import Request.
  Time since last request: 41.988536 seconds.
  path: Assets/_Prefabs/Bullet.prefab
  artifactKey: Guid(d37cbac667633eb41b5fdebe64392b23) Importer(815301076,1909f56bfc062723c751e8b465ee728b)
Start importing Assets/_Prefabs/Bullet.prefab using Guid(d37cbac667633eb41b5fdebe64392b23) Importer(815301076,1909f56bfc062723c751e8b465ee728b)  -> (artifact id: 'c6a0bee77052f68c063f068fc1b79b53') in 0.055537 seconds 
========================================================================
Received Import Request.
  Time since last request: 6.354591 seconds.
  path: Assets/_Prefabs/Bullet.prefab
  artifactKey: Guid(d37cbac667633eb41b5fdebe64392b23) Importer(815301076,1909f56bfc062723c751e8b465ee728b)
Start importing Assets/_Prefabs/Bullet.prefab using Guid(d37cbac667633eb41b5fdebe64392b23) Importer(815301076,1909f56bfc062723c751e8b465ee728b)  -> (artifact id: '4d730a647a8c7bd7ce14bfcdb4c20df4') in 0.031113 seconds 
========================================================================
Received Import Request.
  Time since last request: 0.969208 seconds.
  path: Assets/_Prefabs/Bullet.prefab
  artifactKey: Guid(d37cbac667633eb41b5fdebe64392b23) Importer(815301076,1909f56bfc062723c751e8b465ee728b)
Start importing Assets/_Prefabs/Bullet.prefab using Guid(d37cbac667633eb41b5fdebe64392b23) Importer(815301076,1909f56bfc062723c751e8b465ee728b)  -> (artifact id: 'ca3a335d1c42fb38462caee53724bed1') in 0.021956 seconds 
========================================================================
Received Prepare
Registering precompiled user dll's ...
Registered in 0.003582 seconds.
Begin MonoManager ReloadAssembly
Symbol file LoadedFromMemory doesn't match image C:\Users\devun\Downloads\BayraktarAttack\BayraktarURP\Library\PackageCache\com.unity.visualscripting@1.8.0\Editor\VisualScripting.Core\Dependencies\YamlDotNet\Unity.VisualScripting.YamlDotNet.dll
Symbol file LoadedFromMemory doesn't match image C:\Users\devun\Downloads\BayraktarAttack\BayraktarURP\Library\PackageCache\com.unity.visualscripting@1.8.0\Editor\VisualScripting.Core\Dependencies\DotNetZip\Unity.VisualScripting.IonicZip.dll
Native extension for WindowsStandalone target not found
Native extension for iOS target not found
Native extension for Android target not found
Native extension for WebGL target not found
Refreshing native plugins compatible for Editor in 0.54 ms, found 5 plugins.
Preloading 0 native plugins for Editor in 0.00 ms.
Mono: successfully reloaded assembly
- Completed reload, in  0.827 seconds
Domain Reload Profiling:
	ReloadAssembly (827ms)
		BeginReloadAssembly (90ms)
			ExecutionOrderSort (0ms)
			DisableScriptedObjects (3ms)
			BackupInstance (0ms)
			ReleaseScriptingObjects (0ms)
			CreateAndSetChildDomain (30ms)
		EndReloadAssembly (667ms)
			LoadAssemblies (56ms)
			RebuildTransferFunctionScriptingTraits (0ms)
			SetupTypeCache (190ms)
			ReleaseScriptCaches (1ms)
			RebuildScriptCaches (36ms)
			SetupLoadedEditorAssemblies (326ms)
				LogAssemblyErrors (0ms)
				InitializePlatformSupportModulesInManaged (24ms)
				SetLoadedEditorAssemblies (0ms)
				RefreshPlugins (1ms)
				BeforeProcessingInitializeOnLoad (59ms)
				ProcessInitializeOnLoadAttributes (177ms)
				ProcessInitializeOnLoadMethodAttributes (61ms)
				AfterProcessingInitializeOnLoad (4ms)
				EditorAssembliesLoaded (0ms)
			ExecutionOrderSort2 (0ms)
			AwakeInstancesAfterBackupRestoration (5ms)
Platform modules already initialized, skipping
Refreshing native plugins compatible for Editor in 1.77 ms, found 5 plugins.
Preloading 0 native plugins for Editor in 0.00 ms.
Unloading 4915 Unused Serialized files (Serialized files now loaded: 0)
Unloading 30 unused Assets / (0.8 MB). Loaded Objects now: 5668.
Memory consumption went from 194.9 MB to 194.1 MB.
Total: 2.907300 ms (FindLiveObjects: 0.241200 ms CreateObjectMapping: 0.126300 ms MarkObjects: 2.233500 ms  DeleteObjects: 0.305500 ms)

AssetImportParameters requested are different than current active one (requested -> active):
  custom:video-decoder-ogg-theora: a1e56fd34408186e4bbccfd4996cb3dc -> 
  custom:container-muxer-webm: aa71ff27fc2769a1b78a27578f13a17b -> 
  custom:container-demuxer-webm: 4f35f7cbe854078d1ac9338744f61a02 -> 
  custom:video-encoder-webm-vp8: eb34c28f22e8b96e1ab97ce403110664 -> 
  custom:video-codec-MediaFoundation-h265: 746d11721c4dcdbdad8f713fa42b33f4 -> 
  custom:audio-encoder-webm-vorbis: bf7c407c2cedff20999df2af8eb42d56 -> 
  custom:framework-win-MediaFoundation: 216162199b28c13a410421893ffa2e32 -> 
  custom:container-demuxer-ogg: 62fdf1f143b41e24485cea50d1cbac27 -> 
  custom:video-decoder-webm-vp8: 9c59270c3fd7afecdb556c50c9e8de78 -> 
  custom:audio-decoder-ogg-vorbis: bf7c407c2cedff20999df2af8eb42d56 -> 
========================================================================
Received Import Request.
  Time since last request: 24.016566 seconds.
  path: Assets/_Prefabs/Bullet.prefab
  artifactKey: Guid(d37cbac667633eb41b5fdebe64392b23) Importer(815301076,1909f56bfc062723c751e8b465ee728b)
Start importing Assets/_Prefabs/Bullet.prefab using Guid(d37cbac667633eb41b5fdebe64392b23) Importer(815301076,1909f56bfc062723c751e8b465ee728b)  -> (artifact id: '5ccf687c6b05df1e65f29c7ad445d0c7') in 0.067983 seconds 
========================================================================
Received Import Request.
  Time since last request: 2.497937 seconds.
  path: Assets/_Prefabs/Bullet.prefab
  artifactKey: Guid(d37cbac667633eb41b5fdebe64392b23) Importer(815301076,1909f56bfc062723c751e8b465ee728b)
Start importing Assets/_Prefabs/Bullet.prefab using Guid(d37cbac667633eb41b5fdebe64392b23) Importer(815301076,1909f56bfc062723c751e8b465ee728b)  -> (artifact id: 'fb148f41000541f45a6f4922f3134287') in 0.019127 seconds 
========================================================================
Received Import Request.
  Time since last request: 6.112412 seconds.
  path: Assets/_Prefabs/Bullet.prefab
  artifactKey: Guid(d37cbac667633eb41b5fdebe64392b23) Importer(815301076,1909f56bfc062723c751e8b465ee728b)
Start importing Assets/_Prefabs/Bullet.prefab using Guid(d37cbac667633eb41b5fdebe64392b23) Importer(815301076,1909f56bfc062723c751e8b465ee728b)  -> (artifact id: '808b4770c9a1a83d587c4aa941b0fd60') in 0.025206 seconds 
========================================================================
Received Import Request.
  Time since last request: 1.503880 seconds.
  path: Assets/_Prefabs/Bullet.prefab
  artifactKey: Guid(d37cbac667633eb41b5fdebe64392b23) Importer(815301076,1909f56bfc062723c751e8b465ee728b)
Start importing Assets/_Prefabs/Bullet.prefab using Guid(d37cbac667633eb41b5fdebe64392b23) Importer(815301076,1909f56bfc062723c751e8b465ee728b)  -> (artifact id: '0813d56398838b71cfb3a6867fe3fef1') in 0.021508 seconds 
========================================================================
Received Import Request.
  Time since last request: 1.919646 seconds.
  path: Assets/_Prefabs/Bullet.prefab
  artifactKey: Guid(d37cbac667633eb41b5fdebe64392b23) Importer(815301076,1909f56bfc062723c751e8b465ee728b)
Start importing Assets/_Prefabs/Bullet.prefab using Guid(d37cbac667633eb41b5fdebe64392b23) Importer(815301076,1909f56bfc062723c751e8b465ee728b)  -> (artifact id: 'f8826c769504132d827d6f49ab72c989') in 0.068366 seconds 
========================================================================
Received Import Request.
  Time since last request: 0.000017 seconds.
  path: Assets/_Prefabs/Player.prefab
  artifactKey: Guid(24755191dde931547abfa7f33ce61b38) Importer(815301076,1909f56bfc062723c751e8b465ee728b)
Start importing Assets/_Prefabs/Player.prefab using Guid(24755191dde931547abfa7f33ce61b38) Importer(815301076,1909f56bfc062723c751e8b465ee728b)  -> (artifact id: '827ab2f5ebf31e29d559757d8a0c59ce') in 0.101667 seconds 
========================================================================
Received Import Request.
  Time since last request: 1.600329 seconds.
  path: Assets/_Prefabs/Bullet.prefab
  artifactKey: Guid(d37cbac667633eb41b5fdebe64392b23) Importer(815301076,1909f56bfc062723c751e8b465ee728b)
Start importing Assets/_Prefabs/Bullet.prefab using Guid(d37cbac667633eb41b5fdebe64392b23) Importer(815301076,1909f56bfc062723c751e8b465ee728b)  -> (artifact id: '00000000000000000000000000000000') in 0.022193 seconds  code(4) message(Build asset version error: assets/_prefabs/bullet.prefab in SourceAssetDB has modification time of '2023-03-26T14:53:07.4702028Z' while content on disk has modification time of '2023-03-26T14:53:09.2149632Z')
  ERROR: Build asset version error: assets/_prefabs/bullet.prefab in SourceAssetDB has modification time of '2023-03-26T14:53:07.4702028Z' while content on disk has modification time of '2023-03-26T14:53:09.2149632Z'
========================================================================
Received Import Request.
  Time since last request: 0.055222 seconds.
  path: Assets/_Prefabs/Bullet.prefab
  artifactKey: Guid(d37cbac667633eb41b5fdebe64392b23) Importer(815301076,1909f56bfc062723c751e8b465ee728b)
Start importing Assets/_Prefabs/Bullet.prefab using Guid(d37cbac667633eb41b5fdebe64392b23) Importer(815301076,1909f56bfc062723c751e8b465ee728b)  -> (artifact id: 'c7c962205a9acdc44039ac98b5e0b315') in 0.011904 seconds 
========================================================================
Received Import Request.
  Time since last request: 1.612377 seconds.
  path: Assets/_Prefabs/Bullet.prefab
  artifactKey: Guid(d37cbac667633eb41b5fdebe64392b23) Importer(815301076,1909f56bfc062723c751e8b465ee728b)
Start importing Assets/_Prefabs/Bullet.prefab using Guid(d37cbac667633eb41b5fdebe64392b23) Importer(815301076,1909f56bfc062723c751e8b465ee728b)  -> (artifact id: '26de34383e62dc1c1c848007d0bd25dc') in 0.021842 seconds 
========================================================================
Received Import Request.
  Time since last request: 2.162244 seconds.
  path: Assets/_Prefabs/Bullet.prefab
  artifactKey: Guid(d37cbac667633eb41b5fdebe64392b23) Importer(815301076,1909f56bfc062723c751e8b465ee728b)
Start importing Assets/_Prefabs/Bullet.prefab using Guid(d37cbac667633eb41b5fdebe64392b23) Importer(815301076,1909f56bfc062723c751e8b465ee728b)  -> (artifact id: '8d5097c9eb23fc1138329b9a697aa86d') in 0.055306 seconds 
========================================================================
Received Import Request.
  Time since last request: 0.029097 seconds.
  path: Assets/_Prefabs/Bullet.prefab
  artifactKey: Guid(d37cbac667633eb41b5fdebe64392b23) Importer(815301076,1909f56bfc062723c751e8b465ee728b)
Start importing Assets/_Prefabs/Bullet.prefab using Guid(d37cbac667633eb41b5fdebe64392b23) Importer(815301076,1909f56bfc062723c751e8b465ee728b)  -> (artifact id: '057967c1591a4de335301559e2b82d64') in 0.013381 seconds 
========================================================================
Received Import Request.
  Time since last request: 2.427150 seconds.
  path: Assets/_Prefabs/Bullet.prefab
  artifactKey: Guid(d37cbac667633eb41b5fdebe64392b23) Importer(815301076,1909f56bfc062723c751e8b465ee728b)
Start importing Assets/_Prefabs/Bullet.prefab using Guid(d37cbac667633eb41b5fdebe64392b23) Importer(815301076,1909f56bfc062723c751e8b465ee728b)  -> (artifact id: 'c4d2d7d7a1adff20059d3b318ee24713') in 0.016837 seconds 
========================================================================
Received Import Request.
  Time since last request: 0.361946 seconds.
  path: Assets/_Prefabs/Bullet.prefab
  artifactKey: Guid(d37cbac667633eb41b5fdebe64392b23) Importer(815301076,1909f56bfc062723c751e8b465ee728b)
Start importing Assets/_Prefabs/Bullet.prefab using Guid(d37cbac667633eb41b5fdebe64392b23) Importer(815301076,1909f56bfc062723c751e8b465ee728b)  -> (artifact id: 'fe49d56154d1cfc623ca46b97eb2f835') in 0.019144 seconds 
========================================================================
Received Import Request.
  Time since last request: 3.121148 seconds.
  path: Assets/_Prefabs/Bullet.prefab
  artifactKey: Guid(d37cbac667633eb41b5fdebe64392b23) Importer(815301076,1909f56bfc062723c751e8b465ee728b)
Start importing Assets/_Prefabs/Bullet.prefab using Guid(d37cbac667633eb41b5fdebe64392b23) Importer(815301076,1909f56bfc062723c751e8b465ee728b)  -> (artifact id: '9bcc32cd16e7dc55ed9d108b20e5f81a') in 0.015495 seconds 
========================================================================
Received Prepare
Registering precompiled user dll's ...
Registered in 0.005798 seconds.
Begin MonoManager ReloadAssembly
Symbol file LoadedFromMemory doesn't match image C:\Users\devun\Downloads\BayraktarAttack\BayraktarURP\Library\PackageCache\com.unity.visualscripting@1.8.0\Editor\VisualScripting.Core\Dependencies\YamlDotNet\Unity.VisualScripting.YamlDotNet.dll
Symbol file LoadedFromMemory doesn't match image C:\Users\devun\Downloads\BayraktarAttack\BayraktarURP\Library\PackageCache\com.unity.visualscripting@1.8.0\Editor\VisualScripting.Core\Dependencies\DotNetZip\Unity.VisualScripting.IonicZip.dll
Native extension for WindowsStandalone target not found
Native extension for iOS target not found
Native extension for Android target not found
Native extension for WebGL target not found
Refreshing native plugins compatible for Editor in 0.59 ms, found 5 plugins.
Preloading 0 native plugins for Editor in 0.00 ms.
Mono: successfully reloaded assembly
- Completed reload, in  0.814 seconds
Domain Reload Profiling:
	ReloadAssembly (814ms)
		BeginReloadAssembly (89ms)
			ExecutionOrderSort (0ms)
			DisableScriptedObjects (2ms)
			BackupInstance (0ms)
			ReleaseScriptingObjects (0ms)
			CreateAndSetChildDomain (26ms)
		EndReloadAssembly (661ms)
			LoadAssemblies (62ms)
			RebuildTransferFunctionScriptingTraits (0ms)
			SetupTypeCache (174ms)
			ReleaseScriptCaches (1ms)
			RebuildScriptCaches (36ms)
			SetupLoadedEditorAssemblies (337ms)
				LogAssemblyErrors (0ms)
				InitializePlatformSupportModulesInManaged (27ms)
				SetLoadedEditorAssemblies (0ms)
				RefreshPlugins (1ms)
				BeforeProcessingInitializeOnLoad (58ms)
				ProcessInitializeOnLoadAttributes (183ms)
				ProcessInitializeOnLoadMethodAttributes (64ms)
				AfterProcessingInitializeOnLoad (4ms)
				EditorAssembliesLoaded (0ms)
			ExecutionOrderSort2 (0ms)
			AwakeInstancesAfterBackupRestoration (5ms)
Platform modules already initialized, skipping
Refreshing native plugins compatible for Editor in 2.10 ms, found 5 plugins.
Preloading 0 native plugins for Editor in 0.00 ms.
Unloading 4915 Unused Serialized files (Serialized files now loaded: 0)
Unloading 30 unused Assets / (0.8 MB). Loaded Objects now: 5683.
Memory consumption went from 194.9 MB to 194.2 MB.
Total: 2.455000 ms (FindLiveObjects: 0.242300 ms CreateObjectMapping: 0.123300 ms MarkObjects: 1.873700 ms  DeleteObjects: 0.215000 ms)

AssetImportParameters requested are different than current active one (requested -> active):
  custom:video-decoder-ogg-theora: a1e56fd34408186e4bbccfd4996cb3dc -> 
  custom:container-muxer-webm: aa71ff27fc2769a1b78a27578f13a17b -> 
  custom:container-demuxer-webm: 4f35f7cbe854078d1ac9338744f61a02 -> 
  custom:video-encoder-webm-vp8: eb34c28f22e8b96e1ab97ce403110664 -> 
  custom:video-codec-MediaFoundation-h265: 746d11721c4dcdbdad8f713fa42b33f4 -> 
  custom:audio-encoder-webm-vorbis: bf7c407c2cedff20999df2af8eb42d56 -> 
  custom:framework-win-MediaFoundation: 216162199b28c13a410421893ffa2e32 -> 
  custom:container-demuxer-ogg: 62fdf1f143b41e24485cea50d1cbac27 -> 
  custom:video-decoder-webm-vp8: 9c59270c3fd7afecdb556c50c9e8de78 -> 
  custom:audio-decoder-ogg-vorbis: bf7c407c2cedff20999df2af8eb42d56 -> 
========================================================================
Received Import Request.
  Time since last request: 71.974283 seconds.
  path: Assets/_Prefabs/City.prefab
  artifactKey: Guid(c76ddde5a4afb86439d066a5d105d04e) Importer(815301076,1909f56bfc062723c751e8b465ee728b)
Start importing Assets/_Prefabs/City.prefab using Guid(c76ddde5a4afb86439d066a5d105d04e) Importer(815301076,1909f56bfc062723c751e8b465ee728b)  -> (artifact id: '8f1450983cb324aa9e23552df4a70268') in 0.104729 seconds 
========================================================================
Received Import Request.
  Time since last request: 46.769625 seconds.
  path: Assets/_Prefabs/CFXR Explosion 2.prefab
  artifactKey: Guid(17749527f24a38e4a8518725a42d1df3) Importer(815301076,1909f56bfc062723c751e8b465ee728b)
Start importing Assets/_Prefabs/CFXR Explosion 2.prefab using Guid(17749527f24a38e4a8518725a42d1df3) Importer(815301076,1909f56bfc062723c751e8b465ee728b)  -> (artifact id: '2e53d48f9ee3816939393d53da65c791') in 0.038580 seconds 
========================================================================
Received Import Request.
  Time since last request: 0.000019 seconds.
  path: Assets/_Prefabs/EnemyTank.prefab
  artifactKey: Guid(681a0e9bbba0dfd4193032e776a2d8da) Importer(815301076,1909f56bfc062723c751e8b465ee728b)
Start importing Assets/_Prefabs/EnemyTank.prefab using Guid(681a0e9bbba0dfd4193032e776a2d8da) Importer(815301076,1909f56bfc062723c751e8b465ee728b)  -> (artifact id: 'bc2756d753d61f1e90d9717dd22764c7') in 0.013125 seconds 
========================================================================
Received Import Request.
  Time since last request: 11.506976 seconds.
  path: Assets/_Prefabs/CFXR Explosion 2.prefab
  artifactKey: Guid(17749527f24a38e4a8518725a42d1df3) Importer(815301076,1909f56bfc062723c751e8b465ee728b)
Start importing Assets/_Prefabs/CFXR Explosion 2.prefab using Guid(17749527f24a38e4a8518725a42d1df3) Importer(815301076,1909f56bfc062723c751e8b465ee728b)  -> (artifact id: '2b16c2e2dff0d45623a2ee395b0bf740') in 0.077314 seconds 
========================================================================
Received Import Request.
  Time since last request: 0.000019 seconds.
  path: Assets/_Prefabs/EnemyTank.prefab
  artifactKey: Guid(681a0e9bbba0dfd4193032e776a2d8da) Importer(815301076,1909f56bfc062723c751e8b465ee728b)
Start importing Assets/_Prefabs/EnemyTank.prefab using Guid(681a0e9bbba0dfd4193032e776a2d8da) Importer(815301076,1909f56bfc062723c751e8b465ee728b)  -> (artifact id: '90e6ca8d4182a7a801b6e9d77b2a5c3d') in 0.015972 seconds 
========================================================================
Received Import Request.
  Time since last request: 9.302524 seconds.
  path: Assets/_Prefabs/CFXR Explosion 2.prefab
  artifactKey: Guid(17749527f24a38e4a8518725a42d1df3) Importer(815301076,1909f56bfc062723c751e8b465ee728b)
Start importing Assets/_Prefabs/CFXR Explosion 2.prefab using Guid(17749527f24a38e4a8518725a42d1df3) Importer(815301076,1909f56bfc062723c751e8b465ee728b)  -> (artifact id: '25c42c3cc33e597e4042853d4795383e') in 0.017191 seconds 
========================================================================
Received Prepare
Registering precompiled user dll's ...
Registered in 0.004755 seconds.
Begin MonoManager ReloadAssembly
Symbol file LoadedFromMemory doesn't match image C:\Users\devun\Downloads\BayraktarAttack\BayraktarURP\Library\PackageCache\com.unity.visualscripting@1.8.0\Editor\VisualScripting.Core\Dependencies\YamlDotNet\Unity.VisualScripting.YamlDotNet.dll
Symbol file LoadedFromMemory doesn't match image C:\Users\devun\Downloads\BayraktarAttack\BayraktarURP\Library\PackageCache\com.unity.visualscripting@1.8.0\Editor\VisualScripting.Core\Dependencies\DotNetZip\Unity.VisualScripting.IonicZip.dll
Native extension for WindowsStandalone target not found
Native extension for iOS target not found
Native extension for Android target not found
Native extension for WebGL target not found
Refreshing native plugins compatible for Editor in 0.55 ms, found 5 plugins.
Preloading 0 native plugins for Editor in 0.00 ms.
Mono: successfully reloaded assembly
- Completed reload, in  0.818 seconds
Domain Reload Profiling:
	ReloadAssembly (818ms)
		BeginReloadAssembly (87ms)
			ExecutionOrderSort (0ms)
			DisableScriptedObjects (2ms)
			BackupInstance (0ms)
			ReleaseScriptingObjects (0ms)
			CreateAndSetChildDomain (28ms)
		EndReloadAssembly (667ms)
			LoadAssemblies (57ms)
			RebuildTransferFunctionScriptingTraits (0ms)
			SetupTypeCache (197ms)
			ReleaseScriptCaches (2ms)
			RebuildScriptCaches (39ms)
			SetupLoadedEditorAssemblies (325ms)
				LogAssemblyErrors (0ms)
				InitializePlatformSupportModulesInManaged (23ms)
				SetLoadedEditorAssemblies (0ms)
				RefreshPlugins (1ms)
				BeforeProcessingInitializeOnLoad (51ms)
				ProcessInitializeOnLoadAttributes (177ms)
				ProcessInitializeOnLoadMethodAttributes (68ms)
				AfterProcessingInitializeOnLoad (4ms)
				EditorAssembliesLoaded (0ms)
			ExecutionOrderSort2 (0ms)
			AwakeInstancesAfterBackupRestoration (5ms)
Platform modules already initialized, skipping
Refreshing native plugins compatible for Editor in 2.20 ms, found 5 plugins.
Preloading 0 native plugins for Editor in 0.00 ms.
Unloading 4915 Unused Serialized files (Serialized files now loaded: 0)
Unloading 30 unused Assets / (0.8 MB). Loaded Objects now: 5698.
Memory consumption went from 195.2 MB to 194.5 MB.
Total: 2.859300 ms (FindLiveObjects: 0.238300 ms CreateObjectMapping: 0.393600 ms MarkObjects: 1.987500 ms  DeleteObjects: 0.239300 ms)

AssetImportParameters requested are different than current active one (requested -> active):
  custom:video-decoder-ogg-theora: a1e56fd34408186e4bbccfd4996cb3dc -> 
  custom:container-muxer-webm: aa71ff27fc2769a1b78a27578f13a17b -> 
  custom:container-demuxer-webm: 4f35f7cbe854078d1ac9338744f61a02 -> 
  custom:video-encoder-webm-vp8: eb34c28f22e8b96e1ab97ce403110664 -> 
  custom:video-codec-MediaFoundation-h265: 746d11721c4dcdbdad8f713fa42b33f4 -> 
  custom:audio-encoder-webm-vorbis: bf7c407c2cedff20999df2af8eb42d56 -> 
  custom:framework-win-MediaFoundation: 216162199b28c13a410421893ffa2e32 -> 
  custom:container-demuxer-ogg: 62fdf1f143b41e24485cea50d1cbac27 -> 
  custom:video-decoder-webm-vp8: 9c59270c3fd7afecdb556c50c9e8de78 -> 
  custom:audio-decoder-ogg-vorbis: bf7c407c2cedff20999df2af8eb42d56 -> 
